...found 9 targets...
...updating 4 targets...
gcc.compile.c++ libs/config/checks/architecture/bin/gcc-5.1.0/debug/32.o
libs/config/checks/architecture/32.cpp:9:36: error: size of array ‘test’ is negative
 int test[sizeof(void*) == 4? 1 : -1];
                                    ^

    "g++"   -fPIC -O0 -fno-inline -Wall -g     -c -o "libs/config/checks/architecture/bin/gcc-5.1.0/debug/32.o" "libs/config/checks/architecture/32.cpp"

...failed gcc.compile.c++ libs/config/checks/architecture/bin/gcc-5.1.0/debug/32.o...
...failed updating 1 target...
...updated 3 targets...
...found 2 targets...
...updating 1 target...
gcc.compile.c++ libs/config/checks/architecture/bin/gcc-5.1.0/debug/64.o
...updated 1 target...
...found 2 targets...
...updating 1 target...
gcc.compile.c++ libs/config/checks/architecture/bin/gcc-5.1.0/debug/arm.o
libs/config/checks/architecture/arm.cpp:13:2: error: #error "Not ARM"
 #error "Not ARM"
  ^

    "g++"   -fPIC -O0 -fno-inline -Wall -g     -c -o "libs/config/checks/architecture/bin/gcc-5.1.0/debug/arm.o" "libs/config/checks/architecture/arm.cpp"

...failed gcc.compile.c++ libs/config/checks/architecture/bin/gcc-5.1.0/debug/arm.o...
...failed updating 1 target...
...found 2 targets...
...updating 1 target...
gcc.compile.c++ libs/config/checks/architecture/bin/gcc-5.1.0/debug/mips1.o
libs/config/checks/architecture/mips1.cpp:10:2: error: #error "Not MIPS1"
 #error "Not MIPS1"
  ^

    "g++"   -fPIC -O0 -fno-inline -Wall -g     -c -o "libs/config/checks/architecture/bin/gcc-5.1.0/debug/mips1.o" "libs/config/checks/architecture/mips1.cpp"

...failed gcc.compile.c++ libs/config/checks/architecture/bin/gcc-5.1.0/debug/mips1.o...
...failed updating 1 target...
...found 2 targets...
...updating 1 target...
gcc.compile.c++ libs/config/checks/architecture/bin/gcc-5.1.0/debug/power.o
libs/config/checks/architecture/power.cpp:13:2: error: #error "Not PPC"
 #error "Not PPC"
  ^

    "g++"   -fPIC -O0 -fno-inline -Wall -g     -c -o "libs/config/checks/architecture/bin/gcc-5.1.0/debug/power.o" "libs/config/checks/architecture/power.cpp"

...failed gcc.compile.c++ libs/config/checks/architecture/bin/gcc-5.1.0/debug/power.o...
...failed updating 1 target...
...found 2 targets...
...updating 1 target...
gcc.compile.c++ libs/config/checks/architecture/bin/gcc-5.1.0/debug/sparc.o
libs/config/checks/architecture/sparc.cpp:10:2: error: #error "Not SPARC"
 #error "Not SPARC"
  ^

    "g++"   -fPIC -O0 -fno-inline -Wall -g     -c -o "libs/config/checks/architecture/bin/gcc-5.1.0/debug/sparc.o" "libs/config/checks/architecture/sparc.cpp"

...failed gcc.compile.c++ libs/config/checks/architecture/bin/gcc-5.1.0/debug/sparc.o...
...failed updating 1 target...
...found 2 targets...
...updating 1 target...
gcc.compile.c++ libs/config/checks/architecture/bin/gcc-5.1.0/debug/x86.o
...updated 1 target...
...found 3 targets...
...updating 3 targets...
link.touch bin.v2/test-symlink-source
link.mklink bin.v2/test-symlink
...updated 3 targets...
...found 104 targets...
...updating 7 targets...
gcc.compile.c++ bin.v2/libs/context/build/gcc-5.1.0/debug/threading-multi/cxx11_hdr_mutex_check.o
libs/context/src/../build/cxx11_hdr_mutex.cpp:9:2: error: #error "C++11 <mutex> is not available."
 #error "C++11 <mutex> is not available."
  ^

    "g++"   -fPIC -m64 -pthread -O0 -fno-inline -Wall -g  -DBOOST_ALL_NO_LIB=1 -DBOOST_CONTEXT_DYN_LINK=1 -DBOOST_CONTEXT_SOURCE  -I"." -c -o "bin.v2/libs/context/build/gcc-5.1.0/debug/threading-multi/cxx11_hdr_mutex_check.o" "libs/context/src/../build/cxx11_hdr_mutex.cpp"

...failed gcc.compile.c++ bin.v2/libs/context/build/gcc-5.1.0/debug/threading-multi/cxx11_hdr_mutex_check.o...
...failed updating 1 target...
...updated 6 targets...
...patience...
...found 183 targets...
...updating 14 targets...
gcc.compile.c++ bin.v2/libs/thread/build/gcc-5.1.0/debug/threading-multi/has_atomic_flag_lockfree_test.o
gcc.compile.c++ bin.v2/libs/system/build/gcc-5.1.0/debug/threading-multi/error_code.o
gcc.link.dll bin.v2/libs/system/build/gcc-5.1.0/debug/threading-multi/libboost_system.so.1.67.0
gcc.link bin.v2/libs/thread/build/gcc-5.1.0/debug/threading-multi/has_atomic_flag_lockfree
...updated 14 targets...
...found 6 targets...
...updating 5 targets...
gcc.compile.c++ bin.v2/libs/config/checks/gcc-5.1.0/debug/cxx11_auto_declarations.o
/home/test/bird/src/server/3rd_library/boost_1_67_0/libs/config/checks/test_case.cpp:211:7: error: #error "Defect macro BOOST_NO_CXX11_AUTO_DECLARATIONS is defined."
 #     error "Defect macro BOOST_NO_CXX11_AUTO_DECLARATIONS is defined."
       ^

    "g++"   -fPIC -m64 -O0 -fno-inline -Wall -g  -DBOOST_ALL_NO_LIB=1 -DTEST_BOOST_NO_CXX11_AUTO_DECLARATIONS  -I"." -c -o "bin.v2/libs/config/checks/gcc-5.1.0/debug/cxx11_auto_declarations.o" "/home/test/bird/src/server/3rd_library/boost_1_67_0/libs/config/checks/test_case.cpp"

...failed gcc.compile.c++ bin.v2/libs/config/checks/gcc-5.1.0/debug/cxx11_auto_declarations.o...
...failed updating 1 target...
...updated 4 targets...
...found 1 target...
...updating 1 target...
gcc.compile.c++ bin.v2/libs/config/checks/gcc-5.1.0/debug/cxx11_constexpr.o
/home/test/bird/src/server/3rd_library/boost_1_67_0/libs/config/checks/test_case.cpp:246:7: error: #error "Defect macro BOOST_NO_CXX11_CONSTEXPR is defined."
 #     error "Defect macro BOOST_NO_CXX11_CONSTEXPR is defined."
       ^

    "g++"   -fPIC -m64 -O0 -fno-inline -Wall -g  -DBOOST_ALL_NO_LIB=1 -DTEST_BOOST_NO_CXX11_CONSTEXPR  -I"." -c -o "bin.v2/libs/config/checks/gcc-5.1.0/debug/cxx11_constexpr.o" "/home/test/bird/src/server/3rd_library/boost_1_67_0/libs/config/checks/test_case.cpp"

...failed gcc.compile.c++ bin.v2/libs/config/checks/gcc-5.1.0/debug/cxx11_constexpr.o...
...failed updating 1 target...
...found 1 target...
...updating 1 target...
gcc.compile.c++ bin.v2/libs/config/checks/gcc-5.1.0/debug/cxx11_defaulted_functions.o
/home/test/bird/src/server/3rd_library/boost_1_67_0/libs/config/checks/test_case.cpp:576:7: error: #error "Defect macro BOOST_NO_CXX11_DEFAULTED_FUNCTIONS is defined."
 #     error "Defect macro BOOST_NO_CXX11_DEFAULTED_FUNCTIONS is defined."
       ^

    "g++"   -fPIC -m64 -O0 -fno-inline -Wall -g  -DBOOST_ALL_NO_LIB=1 -DTEST_BOOST_NO_CXX11_DEFAULTED_FUNCTIONS  -I"." -c -o "bin.v2/libs/config/checks/gcc-5.1.0/debug/cxx11_defaulted_functions.o" "/home/test/bird/src/server/3rd_library/boost_1_67_0/libs/config/checks/test_case.cpp"

...failed gcc.compile.c++ bin.v2/libs/config/checks/gcc-5.1.0/debug/cxx11_defaulted_functions.o...
...failed updating 1 target...
...found 1 target...
...updating 1 target...
gcc.compile.c++ bin.v2/libs/config/checks/gcc-5.1.0/debug/cxx11_final.o
/home/test/bird/src/server/3rd_library/boost_1_67_0/libs/config/checks/test_case.cpp:301:7: error: #error "Defect macro BOOST_NO_CXX11_FINAL is defined."
 #     error "Defect macro BOOST_NO_CXX11_FINAL is defined."
       ^

    "g++"   -fPIC -m64 -O0 -fno-inline -Wall -g  -DBOOST_ALL_NO_LIB=1 -DTEST_BOOST_NO_CXX11_FINAL  -I"." -c -o "bin.v2/libs/config/checks/gcc-5.1.0/debug/cxx11_final.o" "/home/test/bird/src/server/3rd_library/boost_1_67_0/libs/config/checks/test_case.cpp"

...failed gcc.compile.c++ bin.v2/libs/config/checks/gcc-5.1.0/debug/cxx11_final.o...
...failed updating 1 target...
...found 1 target...
...updating 1 target...
gcc.compile.c++ bin.v2/libs/config/checks/gcc-5.1.0/debug/cxx11_hdr_mutex.o
/home/test/bird/src/server/3rd_library/boost_1_67_0/libs/config/checks/test_case.cpp:346:7: error: #error "Defect macro BOOST_NO_CXX11_HDR_MUTEX is defined."
 #     error "Defect macro BOOST_NO_CXX11_HDR_MUTEX is defined."
       ^

    "g++"   -fPIC -m64 -O0 -fno-inline -Wall -g  -DBOOST_ALL_NO_LIB=1 -DTEST_BOOST_NO_CXX11_HDR_MUTEX  -I"." -c -o "bin.v2/libs/config/checks/gcc-5.1.0/debug/cxx11_hdr_mutex.o" "/home/test/bird/src/server/3rd_library/boost_1_67_0/libs/config/checks/test_case.cpp"

...failed gcc.compile.c++ bin.v2/libs/config/checks/gcc-5.1.0/debug/cxx11_hdr_mutex.o...
...failed updating 1 target...
...found 1 target...
...updating 1 target...
gcc.compile.c++ bin.v2/libs/config/checks/gcc-5.1.0/debug/cxx11_hdr_regex.o
/home/test/bird/src/server/3rd_library/boost_1_67_0/libs/config/checks/test_case.cpp:361:7: error: #error "Defect macro BOOST_NO_CXX11_HDR_REGEX is defined."
 #     error "Defect macro BOOST_NO_CXX11_HDR_REGEX is defined."
       ^

    "g++"   -fPIC -m64 -O0 -fno-inline -Wall -g  -DBOOST_ALL_NO_LIB=1 -DTEST_BOOST_NO_CXX11_HDR_REGEX  -I"." -c -o "bin.v2/libs/config/checks/gcc-5.1.0/debug/cxx11_hdr_regex.o" "/home/test/bird/src/server/3rd_library/boost_1_67_0/libs/config/checks/test_case.cpp"

...failed gcc.compile.c++ bin.v2/libs/config/checks/gcc-5.1.0/debug/cxx11_hdr_regex.o...
...failed updating 1 target...
...found 1 target...
...updating 1 target...
gcc.compile.c++ bin.v2/libs/config/checks/gcc-5.1.0/debug/cxx11_hdr_tuple.o
/home/test/bird/src/server/3rd_library/boost_1_67_0/libs/config/checks/test_case.cpp:376:7: error: #error "Defect macro BOOST_NO_CXX11_HDR_TUPLE is defined."
 #     error "Defect macro BOOST_NO_CXX11_HDR_TUPLE is defined."
       ^

    "g++"   -fPIC -m64 -O0 -fno-inline -Wall -g  -DBOOST_ALL_NO_LIB=1 -DTEST_BOOST_NO_CXX11_HDR_TUPLE  -I"." -c -o "bin.v2/libs/config/checks/gcc-5.1.0/debug/cxx11_hdr_tuple.o" "/home/test/bird/src/server/3rd_library/boost_1_67_0/libs/config/checks/test_case.cpp"

...failed gcc.compile.c++ bin.v2/libs/config/checks/gcc-5.1.0/debug/cxx11_hdr_tuple.o...
...failed updating 1 target...
...found 1 target...
...updating 1 target...
gcc.compile.c++ bin.v2/libs/config/checks/gcc-5.1.0/debug/cxx11_lambdas.o
/home/test/bird/src/server/3rd_library/boost_1_67_0/libs/config/checks/test_case.cpp:681:7: error: #error "Defect macro BOOST_NO_CXX11_LAMBDAS is defined."
 #     error "Defect macro BOOST_NO_CXX11_LAMBDAS is defined."
       ^

    "g++"   -fPIC -m64 -O0 -fno-inline -Wall -g  -DBOOST_ALL_NO_LIB=1 -DTEST_BOOST_NO_CXX11_LAMBDAS  -I"." -c -o "bin.v2/libs/config/checks/gcc-5.1.0/debug/cxx11_lambdas.o" "/home/test/bird/src/server/3rd_library/boost_1_67_0/libs/config/checks/test_case.cpp"

...failed gcc.compile.c++ bin.v2/libs/config/checks/gcc-5.1.0/debug/cxx11_lambdas.o...
...failed updating 1 target...
...found 1 target...
...updating 1 target...
gcc.compile.c++ bin.v2/libs/config/checks/gcc-5.1.0/debug/cxx11_noexcept.o
/home/test/bird/src/server/3rd_library/boost_1_67_0/libs/config/checks/test_case.cpp:736:7: error: #error "Defect macro BOOST_NO_CXX11_NOEXCEPT is defined."
 #     error "Defect macro BOOST_NO_CXX11_NOEXCEPT is defined."
       ^

    "g++"   -fPIC -m64 -O0 -fno-inline -Wall -g  -DBOOST_ALL_NO_LIB=1 -DTEST_BOOST_NO_CXX11_NOEXCEPT  -I"." -c -o "bin.v2/libs/config/checks/gcc-5.1.0/debug/cxx11_noexcept.o" "/home/test/bird/src/server/3rd_library/boost_1_67_0/libs/config/checks/test_case.cpp"

...failed gcc.compile.c++ bin.v2/libs/config/checks/gcc-5.1.0/debug/cxx11_noexcept.o...
...failed updating 1 target...
...found 1 target...
...updating 1 target...
gcc.compile.c++ bin.v2/libs/config/checks/gcc-5.1.0/debug/cxx11_nullptr.o
/home/test/bird/src/server/3rd_library/boost_1_67_0/libs/config/checks/test_case.cpp:741:7: error: #error "Defect macro BOOST_NO_CXX11_NULLPTR is defined."
 #     error "Defect macro BOOST_NO_CXX11_NULLPTR is defined."
       ^

    "g++"   -fPIC -m64 -O0 -fno-inline -Wall -g  -DBOOST_ALL_NO_LIB=1 -DTEST_BOOST_NO_CXX11_NULLPTR  -I"." -c -o "bin.v2/libs/config/checks/gcc-5.1.0/debug/cxx11_nullptr.o" "/home/test/bird/src/server/3rd_library/boost_1_67_0/libs/config/checks/test_case.cpp"

...failed gcc.compile.c++ bin.v2/libs/config/checks/gcc-5.1.0/debug/cxx11_nullptr.o...
...failed updating 1 target...
...found 1 target...
...updating 1 target...
gcc.compile.c++ bin.v2/libs/config/checks/gcc-5.1.0/debug/cxx11_rvalue_references.o
/home/test/bird/src/server/3rd_library/boost_1_67_0/libs/config/checks/test_case.cpp:796:7: error: #error "Defect macro BOOST_NO_CXX11_RVALUE_REFERENCES is defined."
 #     error "Defect macro BOOST_NO_CXX11_RVALUE_REFERENCES is defined."
       ^

    "g++"   -fPIC -m64 -O0 -fno-inline -Wall -g  -DBOOST_ALL_NO_LIB=1 -DTEST_BOOST_NO_CXX11_RVALUE_REFERENCES  -I"." -c -o "bin.v2/libs/config/checks/gcc-5.1.0/debug/cxx11_rvalue_references.o" "/home/test/bird/src/server/3rd_library/boost_1_67_0/libs/config/checks/test_case.cpp"

...failed gcc.compile.c++ bin.v2/libs/config/checks/gcc-5.1.0/debug/cxx11_rvalue_references.o...
...failed updating 1 target...
...found 1 target...
...updating 1 target...
gcc.compile.c++ bin.v2/libs/config/checks/gcc-5.1.0/debug/cxx11_template_aliases.o
/home/test/bird/src/server/3rd_library/boost_1_67_0/libs/config/checks/test_case.cpp:901:7: error: #error "Defect macro BOOST_NO_CXX11_TEMPLATE_ALIASES is defined."
 #     error "Defect macro BOOST_NO_CXX11_TEMPLATE_ALIASES is defined."
       ^

    "g++"   -fPIC -m64 -O0 -fno-inline -Wall -g  -DBOOST_ALL_NO_LIB=1 -DTEST_BOOST_NO_CXX11_TEMPLATE_ALIASES  -I"." -c -o "bin.v2/libs/config/checks/gcc-5.1.0/debug/cxx11_template_aliases.o" "/home/test/bird/src/server/3rd_library/boost_1_67_0/libs/config/checks/test_case.cpp"

...failed gcc.compile.c++ bin.v2/libs/config/checks/gcc-5.1.0/debug/cxx11_template_aliases.o...
...failed updating 1 target...
...found 1 target...
...updating 1 target...
gcc.compile.c++ bin.v2/libs/config/checks/gcc-5.1.0/debug/cxx11_thread_local.o
/home/test/bird/src/server/3rd_library/boost_1_67_0/libs/config/checks/test_case.cpp:441:7: error: #error "Defect macro BOOST_NO_CXX11_THREAD_LOCAL is defined."
 #     error "Defect macro BOOST_NO_CXX11_THREAD_LOCAL is defined."
       ^

    "g++"   -fPIC -m64 -O0 -fno-inline -Wall -g  -DBOOST_ALL_NO_LIB=1 -DTEST_BOOST_NO_CXX11_THREAD_LOCAL  -I"." -c -o "bin.v2/libs/config/checks/gcc-5.1.0/debug/cxx11_thread_local.o" "/home/test/bird/src/server/3rd_library/boost_1_67_0/libs/config/checks/test_case.cpp"

...failed gcc.compile.c++ bin.v2/libs/config/checks/gcc-5.1.0/debug/cxx11_thread_local.o...
...failed updating 1 target...
...found 1 target...
...updating 1 target...
gcc.compile.c++ bin.v2/libs/config/checks/gcc-5.1.0/debug/cxx11_variadic_templates.o
/home/test/bird/src/server/3rd_library/boost_1_67_0/libs/config/checks/test_case.cpp:961:7: error: #error "Defect macro BOOST_NO_CXX11_VARIADIC_TEMPLATES is defined."
 #     error "Defect macro BOOST_NO_CXX11_VARIADIC_TEMPLATES is defined."
       ^

    "g++"   -fPIC -m64 -O0 -fno-inline -Wall -g  -DBOOST_ALL_NO_LIB=1 -DTEST_BOOST_NO_CXX11_VARIADIC_TEMPLATES  -I"." -c -o "bin.v2/libs/config/checks/gcc-5.1.0/debug/cxx11_variadic_templates.o" "/home/test/bird/src/server/3rd_library/boost_1_67_0/libs/config/checks/test_case.cpp"

...failed gcc.compile.c++ bin.v2/libs/config/checks/gcc-5.1.0/debug/cxx11_variadic_templates.o...
...failed updating 1 target...
...found 23 targets...
...updating 7 targets...
gcc.compile.c++ bin.v2/libs/regex/build/gcc-5.1.0/debug/has_icu_test.o
libs/regex/build/has_icu_test.cpp:12:30: fatal error: unicode/uversion.h: No such file or directory
compilation terminated.

    "g++"   -fPIC -m64 -O0 -fno-inline -Wall -pedantic -g  -DBOOST_ALL_NO_LIB=1 -DBOOST_HAS_ICU=1  -I"." -c -o "bin.v2/libs/regex/build/gcc-5.1.0/debug/has_icu_test.o" "libs/regex/build/has_icu_test.cpp"

...failed gcc.compile.c++ bin.v2/libs/regex/build/gcc-5.1.0/debug/has_icu_test.o...
...skipped <pbin.v2/libs/regex/build/gcc-5.1.0/debug>has_icu for lack of <pbin.v2/libs/regex/build/gcc-5.1.0/debug>has_icu_test.o...
...skipped <pbin.v2/libs/regex/build/gcc-5.1.0/debug>has_icu.passed for lack of <pbin.v2/libs/regex/build/gcc-5.1.0/debug>has_icu...
...failed updating 1 target...
...skipped 2 targets...
...updated 4 targets...
...found 9 targets...
...updating 7 targets...
gcc.compile.c++ bin.v2/standalone/ac/gcc-5.1.0/release/threading-multi/zlib_h.o
bin.v2/standalone/ac/zlib_h.cpp:1:18: fatal error: zlib.h: No such file or directory
compilation terminated.

    "g++"   -fPIC -m64 -pthread -O3 -finline-functions -Wno-inline -Wall  -DNDEBUG   -c -o "bin.v2/standalone/ac/gcc-5.1.0/release/threading-multi/zlib_h.o" "bin.v2/standalone/ac/zlib_h.cpp"

...failed gcc.compile.c++ bin.v2/standalone/ac/gcc-5.1.0/release/threading-multi/zlib_h.o...
...failed updating 1 target...
...updated 6 targets...
...found 5 targets...
...updating 3 targets...
gcc.compile.c++ bin.v2/standalone/ac/gcc-5.1.0/release/threading-multi/main-z.o
gcc.link bin.v2/standalone/ac/gcc-5.1.0/release/threading-multi/z
/bin/ld: cannot find -lz
collect2: error: ld returned 1 exit status

    "g++"    -o "bin.v2/standalone/ac/gcc-5.1.0/release/threading-multi/z" -Wl,--start-group "bin.v2/standalone/ac/gcc-5.1.0/release/threading-multi/main-z.o"  -Wl,-Bstatic  -Wl,-Bdynamic -lrt -lz -Wl,--end-group -fPIC -m64 -pthread 

...failed gcc.link bin.v2/standalone/ac/gcc-5.1.0/release/threading-multi/z...
...failed updating 1 target...
...updated 2 targets...
...found 5 targets...
...updating 3 targets...
gcc.compile.c++ bin.v2/standalone/ac/gcc-5.1.0/release/threading-multi/main-zlib.o
gcc.link bin.v2/standalone/ac/gcc-5.1.0/release/threading-multi/zlib
/bin/ld: cannot find -lzlib
collect2: error: ld returned 1 exit status

    "g++"    -o "bin.v2/standalone/ac/gcc-5.1.0/release/threading-multi/zlib" -Wl,--start-group "bin.v2/standalone/ac/gcc-5.1.0/release/threading-multi/main-zlib.o"  -Wl,-Bstatic  -Wl,-Bdynamic -lrt -lzlib -Wl,--end-group -fPIC -m64 -pthread 

...failed gcc.link bin.v2/standalone/ac/gcc-5.1.0/release/threading-multi/zlib...
...failed updating 1 target...
...updated 2 targets...
...found 5 targets...
...updating 3 targets...
gcc.compile.c++ bin.v2/standalone/ac/gcc-5.1.0/release/threading-multi/main-zll.o
gcc.link bin.v2/standalone/ac/gcc-5.1.0/release/threading-multi/zll
/bin/ld: cannot find -lzll
collect2: error: ld returned 1 exit status

    "g++"    -o "bin.v2/standalone/ac/gcc-5.1.0/release/threading-multi/zll" -Wl,--start-group "bin.v2/standalone/ac/gcc-5.1.0/release/threading-multi/main-zll.o"  -Wl,-Bstatic  -Wl,-Bdynamic -lrt -lzll -Wl,--end-group -fPIC -m64 -pthread 

...failed gcc.link bin.v2/standalone/ac/gcc-5.1.0/release/threading-multi/zll...
...failed updating 1 target...
...updated 2 targets...
...found 5 targets...
...updating 3 targets...
gcc.compile.c++ bin.v2/standalone/ac/gcc-5.1.0/release/threading-multi/main-zdll.o
gcc.link bin.v2/standalone/ac/gcc-5.1.0/release/threading-multi/zdll
/bin/ld: cannot find -lzdll
collect2: error: ld returned 1 exit status

    "g++"    -o "bin.v2/standalone/ac/gcc-5.1.0/release/threading-multi/zdll" -Wl,--start-group "bin.v2/standalone/ac/gcc-5.1.0/release/threading-multi/main-zdll.o"  -Wl,-Bstatic  -Wl,-Bdynamic -lrt -lzdll -Wl,--end-group -fPIC -m64 -pthread 

...failed gcc.link bin.v2/standalone/ac/gcc-5.1.0/release/threading-multi/zdll...
...failed updating 1 target...
...updated 2 targets...
...found 4 targets...
...updating 4 targets...
gcc.compile.c++ bin.v2/standalone/ac/gcc-5.1.0/release/link-static/threading-multi/main-z.o
gcc.link bin.v2/standalone/ac/gcc-5.1.0/release/link-static/threading-multi/z
/bin/ld: cannot find -lz
collect2: error: ld returned 1 exit status

    "g++"    -o "bin.v2/standalone/ac/gcc-5.1.0/release/link-static/threading-multi/z" -Wl,--start-group "bin.v2/standalone/ac/gcc-5.1.0/release/link-static/threading-multi/main-z.o"  -Wl,-Bstatic -lz -Wl,-Bdynamic -lrt -Wl,--end-group -m64 -pthread 

...failed gcc.link bin.v2/standalone/ac/gcc-5.1.0/release/link-static/threading-multi/z...
...failed updating 1 target...
...updated 3 targets...
...found 2 targets...
...updating 2 targets...
gcc.compile.c++ bin.v2/standalone/ac/gcc-5.1.0/release/link-static/threading-multi/main-zlib.o
gcc.link bin.v2/standalone/ac/gcc-5.1.0/release/link-static/threading-multi/zlib
/bin/ld: cannot find -lzlib
collect2: error: ld returned 1 exit status

    "g++"    -o "bin.v2/standalone/ac/gcc-5.1.0/release/link-static/threading-multi/zlib" -Wl,--start-group "bin.v2/standalone/ac/gcc-5.1.0/release/link-static/threading-multi/main-zlib.o"  -Wl,-Bstatic -lzlib -Wl,-Bdynamic -lrt -Wl,--end-group -m64 -pthread 

...failed gcc.link bin.v2/standalone/ac/gcc-5.1.0/release/link-static/threading-multi/zlib...
...failed updating 1 target...
...updated 1 target...
...found 2 targets...
...updating 2 targets...
gcc.compile.c++ bin.v2/standalone/ac/gcc-5.1.0/release/link-static/threading-multi/main-zll.o
gcc.link bin.v2/standalone/ac/gcc-5.1.0/release/link-static/threading-multi/zll
/bin/ld: cannot find -lzll
collect2: error: ld returned 1 exit status

    "g++"    -o "bin.v2/standalone/ac/gcc-5.1.0/release/link-static/threading-multi/zll" -Wl,--start-group "bin.v2/standalone/ac/gcc-5.1.0/release/link-static/threading-multi/main-zll.o"  -Wl,-Bstatic -lzll -Wl,-Bdynamic -lrt -Wl,--end-group -m64 -pthread 

...failed gcc.link bin.v2/standalone/ac/gcc-5.1.0/release/link-static/threading-multi/zll...
...failed updating 1 target...
...updated 1 target...
...found 2 targets...
...updating 2 targets...
gcc.compile.c++ bin.v2/standalone/ac/gcc-5.1.0/release/link-static/threading-multi/main-zdll.o
gcc.link bin.v2/standalone/ac/gcc-5.1.0/release/link-static/threading-multi/zdll
/bin/ld: cannot find -lzdll
collect2: error: ld returned 1 exit status

    "g++"    -o "bin.v2/standalone/ac/gcc-5.1.0/release/link-static/threading-multi/zdll" -Wl,--start-group "bin.v2/standalone/ac/gcc-5.1.0/release/link-static/threading-multi/main-zdll.o"  -Wl,-Bstatic -lzdll -Wl,-Bdynamic -lrt -Wl,--end-group -m64 -pthread 

...failed gcc.link bin.v2/standalone/ac/gcc-5.1.0/release/link-static/threading-multi/zdll...
...failed updating 1 target...
...updated 1 target...
...found 4 targets...
...updating 2 targets...
gcc.compile.c++ bin.v2/standalone/ac/gcc-5.1.0/release/threading-multi/bzlib_h.o
bin.v2/standalone/ac/bzlib_h.cpp:1:19: fatal error: bzlib.h: No such file or directory
compilation terminated.

    "g++"   -fPIC -m64 -pthread -O3 -finline-functions -Wno-inline -Wall  -DNDEBUG   -c -o "bin.v2/standalone/ac/gcc-5.1.0/release/threading-multi/bzlib_h.o" "bin.v2/standalone/ac/bzlib_h.cpp"

...failed gcc.compile.c++ bin.v2/standalone/ac/gcc-5.1.0/release/threading-multi/bzlib_h.o...
...failed updating 1 target...
...updated 1 target...
...found 5 targets...
...updating 3 targets...
gcc.compile.c++ bin.v2/standalone/ac/gcc-5.1.0/release/threading-multi/main-bz2.o
gcc.link bin.v2/standalone/ac/gcc-5.1.0/release/threading-multi/bz2
/bin/ld: cannot find -lbz2
collect2: error: ld returned 1 exit status

    "g++"    -o "bin.v2/standalone/ac/gcc-5.1.0/release/threading-multi/bz2" -Wl,--start-group "bin.v2/standalone/ac/gcc-5.1.0/release/threading-multi/main-bz2.o"  -Wl,-Bstatic  -Wl,-Bdynamic -lrt -lbz2 -Wl,--end-group -fPIC -m64 -pthread 

...failed gcc.link bin.v2/standalone/ac/gcc-5.1.0/release/threading-multi/bz2...
...failed updating 1 target...
...updated 2 targets...
...found 2 targets...
...updating 2 targets...
gcc.compile.c++ bin.v2/standalone/ac/gcc-5.1.0/release/link-static/threading-multi/main-bz2.o
gcc.link bin.v2/standalone/ac/gcc-5.1.0/release/link-static/threading-multi/bz2
/bin/ld: cannot find -lbz2
collect2: error: ld returned 1 exit status

    "g++"    -o "bin.v2/standalone/ac/gcc-5.1.0/release/link-static/threading-multi/bz2" -Wl,--start-group "bin.v2/standalone/ac/gcc-5.1.0/release/link-static/threading-multi/main-bz2.o"  -Wl,-Bstatic -lbz2 -Wl,-Bdynamic -lrt -Wl,--end-group -m64 -pthread 

...failed gcc.link bin.v2/standalone/ac/gcc-5.1.0/release/link-static/threading-multi/bz2...
...failed updating 1 target...
...updated 1 target...
...found 4 targets...
...updating 2 targets...
gcc.compile.c++ bin.v2/standalone/ac/gcc-5.1.0/release/threading-multi/lzma_h.o
...updated 2 targets...
...found 5 targets...
...updating 3 targets...
gcc.compile.c++ bin.v2/standalone/ac/gcc-5.1.0/release/threading-multi/main-lzma.o
gcc.link bin.v2/standalone/ac/gcc-5.1.0/release/threading-multi/lzma
...updated 3 targets...
...found 8 targets...
...updating 6 targets...
gcc.compile.c++ bin.v2/libs/locale/build/gcc-5.1.0/debug/has_iconv_libc_obj.o
gcc.link bin.v2/libs/locale/build/gcc-5.1.0/debug/has_iconv
...updated 6 targets...
...found 4 targets...
...updating 2 targets...
gcc.compile.c++ bin.v2/libs/locale/build/gcc-5.1.0/debug/has_icu_obj.o
libs/locale/src/../build/has_icu_test.cpp:12:30: fatal error: unicode/uversion.h: No such file or directory
compilation terminated.

    "g++"   -fPIC -m64 -O0 -fno-inline -Wall -g  -DBOOST_ALL_NO_LIB=1  -I"." -c -o "bin.v2/libs/locale/build/gcc-5.1.0/debug/has_icu_obj.o" "libs/locale/src/../build/has_icu_test.cpp"

...failed gcc.compile.c++ bin.v2/libs/locale/build/gcc-5.1.0/debug/has_icu_obj.o...
...skipped <pbin.v2/libs/locale/build/gcc-5.1.0/debug>has_icu for lack of <pbin.v2/libs/locale/build/gcc-5.1.0/debug>has_icu_obj.o...
...failed updating 1 target...
...skipped 1 target...
...found 2 targets...
...updating 2 targets...
gcc.compile.c++ bin.v2/libs/locale/build/gcc-5.1.0/debug/has_icu64_obj.o
libs/locale/src/../build/has_icu_test.cpp:12:30: fatal error: unicode/uversion.h: No such file or directory
compilation terminated.

    "g++"   -fPIC -m64 -O0 -fno-inline -Wall -g  -DBOOST_ALL_NO_LIB=1  -I"." -c -o "bin.v2/libs/locale/build/gcc-5.1.0/debug/has_icu64_obj.o" "libs/locale/src/../build/has_icu_test.cpp"

...failed gcc.compile.c++ bin.v2/libs/locale/build/gcc-5.1.0/debug/has_icu64_obj.o...
...skipped <pbin.v2/libs/locale/build/gcc-5.1.0/debug>has_icu64 for lack of <pbin.v2/libs/locale/build/gcc-5.1.0/debug>has_icu64_obj.o...
...failed updating 1 target...
...skipped 1 target...
...found 9 targets...
...updating 7 targets...
gcc.compile.c++ bin.v2/libs/log/config/atomic-int32/gcc-5.1.0/debug/pch-off/atomic_int32.o
...updated 7 targets...
...found 7 targets...
...updating 5 targets...
gcc.compile.c++ bin.v2/libs/log/config/native-syslog/gcc-5.1.0/debug/pch-off/native_syslog.o
...updated 5 targets...
...found 6 targets...
...updating 5 targets...
gcc.compile.c++ bin.v2/libs/log/config/pthread-mutex-robust/gcc-5.1.0/debug/pch-off/pthread_mutex_robust.o
...updated 5 targets...
...found 6 targets...
...updating 5 targets...
gcc.compile.c++ bin.v2/libs/log/config/visibility/gcc-5.1.0/debug/pch-off/visibility.o
...updated 5 targets...
...found 7 targets...
...updating 5 targets...
gcc.compile.c++ bin.v2/libs/log/config/x86-ext/gcc-5.1.0/debug/pch-off/ssse3.o
...updated 5 targets...
...found 3 targets...
...updating 1 target...
gcc.compile.c++ bin.v2/libs/log/config/x86-ext/gcc-5.1.0/debug/pch-off/avx2.o
...updated 1 target...
...found 6 targets...
...updating 5 targets...
gcc.compile.c++ bin.v2/libs/math/config/gcc-5.1.0/debug/has_gcc_visibility.o
...updated 5 targets...
...found 134 targets...
...updating 1 target...
gcc.compile.c++ bin.v2/libs/math/config/gcc-5.1.0/debug/has_long_double_support.o
...updated 1 target...
...found 10 targets...
...updating 7 targets...
gcc.compile.c++ bin.v2/libs/stacktrace/build/gcc-5.1.0/debug/has_backtrace.o
libs/stacktrace/build/has_backtrace.cpp:7:23: fatal error: backtrace.h: No such file or directory
compilation terminated.

    "g++"   -fPIC -m64 -O0 -fno-inline -Wall -g -fvisibility=hidden -DBOOST_ALL_NO_LIB=1  -I"." -c -o "bin.v2/libs/stacktrace/build/gcc-5.1.0/debug/has_backtrace.o" "libs/stacktrace/build/has_backtrace.cpp"

...failed gcc.compile.c++ bin.v2/libs/stacktrace/build/gcc-5.1.0/debug/has_backtrace.o...
...skipped <pbin.v2/libs/stacktrace/build/gcc-5.1.0/debug>libbacktrace_exe for lack of <pbin.v2/libs/stacktrace/build/gcc-5.1.0/debug>has_backtrace.o...
...skipped <pbin.v2/libs/stacktrace/build/gcc-5.1.0/debug>libbacktrace.output for lack of <pbin.v2/libs/stacktrace/build/gcc-5.1.0/debug>libbacktrace_exe...
...failed updating 1 target...
...skipped 2 targets...
...updated 4 targets...
...found 5 targets...
...updating 3 targets...
gcc.compile.c++ bin.v2/libs/stacktrace/build/gcc-5.1.0/debug/has_addr2line.o
gcc.link bin.v2/libs/stacktrace/build/gcc-5.1.0/debug/addr2line_exe
Jamfile</home/test/bird/src/server/3rd_library/boost_1_67_0/libs/stacktrace/build>.mp_simple_run_action bin.v2/libs/stacktrace/build/gcc-5.1.0/debug/addr2line.output
...updated 3 targets...
...found 5 targets...
...updating 3 targets...
gcc.compile.c++ bin.v2/libs/stacktrace/build/gcc-5.1.0/debug/has_windbg.o
libs/stacktrace/build/has_windbg.cpp:8:21: fatal error: windows.h: No such file or directory
compilation terminated.

    "g++"   -fPIC -m64 -O0 -fno-inline -Wall -g -fvisibility=hidden -DBOOST_ALL_NO_LIB=1  -I"." -c -o "bin.v2/libs/stacktrace/build/gcc-5.1.0/debug/has_windbg.o" "libs/stacktrace/build/has_windbg.cpp"

...failed gcc.compile.c++ bin.v2/libs/stacktrace/build/gcc-5.1.0/debug/has_windbg.o...
...skipped <pbin.v2/libs/stacktrace/build/gcc-5.1.0/debug>WinDbg_exe for lack of <pbin.v2/libs/stacktrace/build/gcc-5.1.0/debug>has_windbg.o...
...skipped <pbin.v2/libs/stacktrace/build/gcc-5.1.0/debug>WinDbg.output for lack of <pbin.v2/libs/stacktrace/build/gcc-5.1.0/debug>WinDbg_exe...
...failed updating 1 target...
...skipped 2 targets...
...found 4 targets...
...updating 3 targets...
gcc.compile.c++ bin.v2/libs/stacktrace/build/gcc-5.1.0/debug/has_windbg_cached.o
libs/stacktrace/build/has_windbg_cached.cpp:11:21: fatal error: windows.h: No such file or directory
compilation terminated.

    "g++"   -fPIC -m64 -O0 -fno-inline -Wall -g -fvisibility=hidden -DBOOST_ALL_NO_LIB=1  -I"." -c -o "bin.v2/libs/stacktrace/build/gcc-5.1.0/debug/has_windbg_cached.o" "libs/stacktrace/build/has_windbg_cached.cpp"

...failed gcc.compile.c++ bin.v2/libs/stacktrace/build/gcc-5.1.0/debug/has_windbg_cached.o...
...skipped <pbin.v2/libs/stacktrace/build/gcc-5.1.0/debug>WinDbgCached_exe for lack of <pbin.v2/libs/stacktrace/build/gcc-5.1.0/debug>has_windbg_cached.o...
...skipped <pbin.v2/libs/stacktrace/build/gcc-5.1.0/debug>WinDbgCached.output for lack of <pbin.v2/libs/stacktrace/build/gcc-5.1.0/debug>WinDbgCached_exe...
...failed updating 1 target...
...skipped 2 targets...
...found 158 targets...
...updating 7 targets...
gcc.compile.c++ bin.v2/check/predef/gcc-5.1.0/debug/address-model-64/architecture-x86/predef_check_cc_09a06289f4560e2f553bb0cbbec71436.o
...updated 7 targets...
...found 1 target...
...updating 1 target...
gcc.compile.c++ bin.v2/standalone/ac/gcc-5.1.0/release/link-static/threading-multi/zlib_h.o
bin.v2/standalone/ac/zlib_h.cpp:1:18: fatal error: zlib.h: No such file or directory
compilation terminated.

    "g++"   -m64 -pthread -O3 -finline-functions -Wno-inline -Wall  -DNDEBUG   -c -o "bin.v2/standalone/ac/gcc-5.1.0/release/link-static/threading-multi/zlib_h.o" "bin.v2/standalone/ac/zlib_h.cpp"

...failed gcc.compile.c++ bin.v2/standalone/ac/gcc-5.1.0/release/link-static/threading-multi/zlib_h.o...
...failed updating 1 target...
...found 1 target...
...updating 1 target...
gcc.compile.c++ bin.v2/standalone/ac/gcc-5.1.0/release/link-static/threading-multi/bzlib_h.o
bin.v2/standalone/ac/bzlib_h.cpp:1:19: fatal error: bzlib.h: No such file or directory
compilation terminated.

    "g++"   -m64 -pthread -O3 -finline-functions -Wno-inline -Wall  -DNDEBUG   -c -o "bin.v2/standalone/ac/gcc-5.1.0/release/link-static/threading-multi/bzlib_h.o" "bin.v2/standalone/ac/bzlib_h.cpp"

...failed gcc.compile.c++ bin.v2/standalone/ac/gcc-5.1.0/release/link-static/threading-multi/bzlib_h.o...
...failed updating 1 target...
...found 1 target...
...updating 1 target...
gcc.compile.c++ bin.v2/standalone/ac/gcc-5.1.0/release/link-static/threading-multi/lzma_h.o
...updated 1 target...
...found 2 targets...
...updating 2 targets...
gcc.compile.c++ bin.v2/standalone/ac/gcc-5.1.0/release/link-static/threading-multi/main-lzma.o
gcc.link bin.v2/standalone/ac/gcc-5.1.0/release/link-static/threading-multi/lzma
/bin/ld: cannot find -llzma
collect2: error: ld returned 1 exit status

    "g++"    -o "bin.v2/standalone/ac/gcc-5.1.0/release/link-static/threading-multi/lzma" -Wl,--start-group "bin.v2/standalone/ac/gcc-5.1.0/release/link-static/threading-multi/main-lzma.o"  -Wl,-Bstatic -llzma -Wl,-Bdynamic -lrt -Wl,--end-group -m64 -pthread 

...failed gcc.link bin.v2/standalone/ac/gcc-5.1.0/release/link-static/threading-multi/lzma...
...failed updating 1 target...
...updated 1 target...
...found 1 target...
...updating 1 target...
config-cache.write bin.v2/project-cache.jam
...updated 1 target...
